<?xml version="1.0" encoding="UTF-8"?>
<!-- Generated by org.testng.reporters.JUnitXMLReporter -->
<testsuite hostname="DESKTOP-LU9MCAK" ignored="3" name="Default test" tests="5" failures="0" timestamp="01 Jul 2018 04:18:44 GMT" time="118.589" errors="0">
  <testcase name="creatAccShareWishList" time="39.116" classname="onlineShopping.MobTitVerAndSort"/>
  <testcase name="mobCompare" time="4.789" classname="onlineShopping.MobTitVerAndSort"/>
  <testcase name="mobileSort" time="2.509" classname="onlineShopping.MobTitVerAndSort"/>
  <testcase name="verifyDiscount" time="16.733" classname="onlineShopping.ReOrderProduct"/>
  <testcase name="orderAsPDF" time="31.29" classname="onlineShopping.OrderSavedAsPDF"/>
  <testcase name="mobAddToCart" time="0.0" classname="onlineShopping.MobTitVerAndSort">
    <ignored/>
  </testcase> <!-- mobAddToCart -->
  <testcase name="mobCostVer" time="0.0" classname="onlineShopping.MobTitVerAndSort">
    <ignored/>
  </testcase> <!-- mobCostVer -->
  <testcase name="reOrderProduct" time="0.0" classname="onlineShopping.ReOrderProduct">
    <ignored/>
  </testcase> <!-- reOrderProduct -->
</testsuite> <!-- Default test -->
